2026-01-20 18:27:58 +00:00: INFO:     Uvicorn running on http://0.0.0.0:8443 (Press CTRL+C to quit)
2026-01-20 18:27:58 +00:00: INFO:     Started parent process [8235]
2026-01-20 18:28:01 +00:00: INFO:     Started server process [8248]
2026-01-20 18:28:01 +00:00: INFO:     Started server process [8249]
2026-01-20 18:28:01 +00:00: INFO:     Waiting for application startup.
2026-01-20 18:28:01 +00:00: INFO:     Waiting for application startup.
2026-01-20 18:28:01 +00:00: INFO:     Application startup complete.
2026-01-20 18:28:01 +00:00: INFO:     Application startup complete.
2026-01-20 19:39:57 +00:00: INFO:     Shutting down
2026-01-20 19:39:57 +00:00: INFO:     Shutting down
2026-01-20 19:39:57 +00:00: INFO:     Waiting for application shutdown.
2026-01-20 19:39:57 +00:00: INFO:     Application shutdown complete.
2026-01-20 19:39:57 +00:00: INFO:     Finished server process [8248]
2026-01-20 19:39:57 +00:00: INFO:     Waiting for application shutdown.
2026-01-20 19:39:57 +00:00: INFO:     Application shutdown complete.
2026-01-20 19:39:57 +00:00: INFO:     Finished server process [8249]
2026-01-20 19:39:57 +00:00: INFO:     Received SIGINT, exiting.
2026-01-20 19:39:57 +00:00: INFO:     Terminated child process [8248]
2026-01-20 19:39:57 +00:00: INFO:     Terminated child process [8249]
2026-01-20 19:39:57 +00:00: INFO:     Waiting for child process [8248]
2026-01-20 19:39:57 +00:00: INFO:     Waiting for child process [8249]
2026-01-20 19:39:57 +00:00: INFO:     Stopping parent process [8235]
2026-01-21 11:10:30 +00:00: INFO:     Uvicorn running on http://0.0.0.0:8443 (Press CTRL+C to quit)
2026-01-21 11:10:30 +00:00: INFO:     Started parent process [1373]
2026-01-21 11:10:32 +00:00: INFO:     Started server process [1384]
2026-01-21 11:10:32 +00:00: INFO:     Started server process [1383]
2026-01-21 11:10:32 +00:00: INFO:     Waiting for application startup.
2026-01-21 11:10:32 +00:00: INFO:     Waiting for application startup.
2026-01-21 11:10:33 +00:00: INFO:     Application startup complete.
2026-01-21 11:10:33 +00:00: INFO:     Application startup complete.
2026-01-21 11:28:25 +00:00: INFO:     Shutting down
2026-01-21 11:28:25 +00:00: INFO:     Shutting down
2026-01-21 11:28:25 +00:00: INFO:     Waiting for application shutdown.
2026-01-21 11:28:25 +00:00: INFO:     Application shutdown complete.
2026-01-21 11:28:25 +00:00: INFO:     Finished server process [1384]
2026-01-21 11:28:25 +00:00: INFO:     Waiting for application shutdown.
2026-01-21 11:28:25 +00:00: INFO:     Application shutdown complete.
2026-01-21 11:28:25 +00:00: INFO:     Finished server process [1383]
2026-01-21 11:28:25 +00:00: INFO:     Received SIGINT, exiting.
2026-01-21 11:28:25 +00:00: INFO:     Terminated child process [1383]
2026-01-21 11:28:25 +00:00: INFO:     Terminated child process [1384]
2026-01-21 11:28:25 +00:00: INFO:     Waiting for child process [1383]
2026-01-21 11:28:25 +00:00: INFO:     Waiting for child process [1384]
2026-01-21 11:28:25 +00:00: INFO:     Stopping parent process [1373]
2026-01-21 11:28:26 +00:00: INFO:     Uvicorn running on http://0.0.0.0:8443 (Press CTRL+C to quit)
2026-01-21 11:28:26 +00:00: INFO:     Started parent process [1610]
2026-01-21 11:28:27 +00:00: INFO:     Started server process [1617]
2026-01-21 11:28:27 +00:00: INFO:     Waiting for application startup.
2026-01-21 11:28:28 +00:00: INFO:     Started server process [1616]
2026-01-21 11:28:28 +00:00: INFO:     Waiting for application startup.
2026-01-21 11:28:28 +00:00: INFO:     Application startup complete.
2026-01-21 11:28:28 +00:00: INFO:     Application startup complete.
2026-01-21 11:28:47 +00:00: INFO:     Shutting down
2026-01-21 11:28:47 +00:00: INFO:     Shutting down
2026-01-21 11:28:47 +00:00: INFO:     Waiting for application shutdown.
2026-01-21 11:28:47 +00:00: INFO:     Application shutdown complete.
2026-01-21 11:28:47 +00:00: INFO:     Finished server process [1617]
2026-01-21 11:28:47 +00:00: INFO:     Waiting for application shutdown.
2026-01-21 11:28:47 +00:00: INFO:     Application shutdown complete.
2026-01-21 11:28:47 +00:00: INFO:     Finished server process [1616]
2026-01-21 11:28:47 +00:00: INFO:     Received SIGINT, exiting.
2026-01-21 11:28:47 +00:00: INFO:     Terminated child process [1616]
2026-01-21 11:28:47 +00:00: INFO:     Terminated child process [1617]
2026-01-21 11:28:47 +00:00: INFO:     Waiting for child process [1616]
2026-01-21 11:28:47 +00:00: INFO:     Waiting for child process [1617]
2026-01-21 11:28:47 +00:00: INFO:     Stopping parent process [1610]
2026-01-21 11:28:47 +00:00: INFO:     Uvicorn running on http://0.0.0.0:8443 (Press CTRL+C to quit)
2026-01-21 11:28:47 +00:00: INFO:     Started parent process [1688]
2026-01-21 11:28:49 +00:00: INFO:     Started server process [1694]
2026-01-21 11:28:49 +00:00: INFO:     Started server process [1695]
2026-01-21 11:28:49 +00:00: INFO:     Waiting for application startup.
2026-01-21 11:28:49 +00:00: INFO:     Waiting for application startup.
2026-01-21 11:28:49 +00:00: INFO:     Application startup complete.
2026-01-21 11:28:49 +00:00: INFO:     Application startup complete.
2026-01-21 11:29:27 +00:00: ERROR:main:Error fetching teams analysis: {'message': 'canceling statement due to statement timeout', 'code': '57014', 'hint': None, 'details': None}
2026-01-21 11:37:33 +00:00: ERROR:main:Error fetching teams analysis: {'message': 'canceling statement due to statement timeout', 'code': '57014', 'hint': None, 'details': None}
2026-01-21 11:37:34 +00:00: ERROR:main:Error fetching teams analysis: {'message': 'canceling statement due to statement timeout', 'code': '57014', 'hint': None, 'details': None}
2026-01-21 11:37:56 +00:00: ERROR:main:Error fetching teams analysis: {'message': 'canceling statement due to statement timeout', 'code': '57014', 'hint': None, 'details': None}
2026-01-21 11:41:20 +00:00: ERROR:main:Error fetching teams analysis: {'message': 'canceling statement due to statement timeout', 'code': '57014', 'hint': None, 'details': None}
2026-01-21 11:43:36 +00:00: ERROR:main:Error fetching teams analysis: {'message': 'canceling statement due to statement timeout', 'code': '57014', 'hint': None, 'details': None}
2026-01-21 11:46:57 +00:00: INFO:     Shutting down
2026-01-21 11:46:57 +00:00: INFO:     Received SIGINT, exiting.
2026-01-21 11:46:57 +00:00: INFO:     Terminated child process [1694]
2026-01-21 11:46:57 +00:00: INFO:     Terminated child process [1695]
2026-01-21 11:46:57 +00:00: INFO:     Waiting for child process [1694]
2026-01-21 11:46:57 +00:00: INFO:     Shutting down
2026-01-21 11:46:57 +00:00: INFO:     Waiting for application shutdown.
2026-01-21 11:46:57 +00:00: INFO:     Application shutdown complete.
2026-01-21 11:46:57 +00:00: INFO:     Finished server process [1694]
2026-01-21 11:46:57 +00:00: INFO:     Waiting for child process [1695]
2026-01-21 11:46:57 +00:00: INFO:     Waiting for application shutdown.
2026-01-21 11:46:57 +00:00: INFO:     Application shutdown complete.
2026-01-21 11:46:57 +00:00: INFO:     Finished server process [1695]
2026-01-21 11:46:57 +00:00: INFO:     Stopping parent process [1688]
2026-01-21 11:46:57 +00:00: INFO:     Uvicorn running on http://0.0.0.0:8443 (Press CTRL+C to quit)
2026-01-21 11:46:57 +00:00: INFO:     Started parent process [2143]
2026-01-21 11:46:59 +00:00: INFO:     Started server process [2150]
2026-01-21 11:46:59 +00:00: INFO:     Waiting for application startup.
2026-01-21 11:46:59 +00:00: INFO:     Started server process [2151]
2026-01-21 11:46:59 +00:00: INFO:     Waiting for application startup.
2026-01-21 11:47:00 +00:00: INFO:     Application startup complete.
2026-01-21 11:47:00 +00:00: INFO:     Application startup complete.
2026-01-21 12:07:38 +00:00: WARNING:main:Skipping team stats for NJN: {'message': 'canceling statement due to statement timeout', 'code': '57014', 'hint': None, 'details': None}
2026-01-21 12:07:38 +00:00: WARNING:main:Skipping team stats for NJN: {'message': 'canceling statement due to statement timeout', 'code': '57014', 'hint': None, 'details': None}
2026-01-21 12:07:41 +00:00: WARNING:main:Skipping team stats for NOH: {'message': 'canceling statement due to statement timeout', 'code': '57014', 'hint': None, 'details': None}
2026-01-21 12:07:41 +00:00: WARNING:main:Skipping team stats for NOH: {'message': 'canceling statement due to statement timeout', 'code': '57014', 'hint': None, 'details': None}
2026-01-21 12:07:41 +00:00: WARNING:main:Skipping team stats for NJN: {'message': 'canceling statement due to statement timeout', 'code': '57014', 'hint': None, 'details': None}
2026-01-21 12:07:44 +00:00: WARNING:main:Skipping team stats for NOH: {'message': 'canceling statement due to statement timeout', 'code': '57014', 'hint': None, 'details': None}
2026-01-21 12:07:51 +00:00: WARNING:main:Skipping team stats for NJN: {'message': 'canceling statement due to statement timeout', 'code': '57014', 'hint': None, 'details': None}
2026-01-21 12:25:48 +00:00: WARNING:main:Skipping team stats for NJN: {'message': 'canceling statement due to statement timeout', 'code': '57014', 'hint': None, 'details': None}
2026-01-21 12:25:51 +00:00: WARNING:main:Skipping team stats for NOH: {'message': 'canceling statement due to statement timeout', 'code': '57014', 'hint': None, 'details': None}
2026-01-21 12:32:59 +00:00: INFO:     Received SIGINT, exiting.
2026-01-21 12:32:59 +00:00: INFO:     Terminated child process [2150]
2026-01-21 12:32:59 +00:00: INFO:     Terminated child process [2151]
2026-01-21 12:32:59 +00:00: INFO:     Waiting for child process [2150]
2026-01-21 12:32:59 +00:00: INFO:     Shutting down
2026-01-21 12:32:59 +00:00: INFO:     Shutting down
2026-01-21 12:32:59 +00:00: INFO:     Waiting for application shutdown.
2026-01-21 12:32:59 +00:00: INFO:     Application shutdown complete.
2026-01-21 12:32:59 +00:00: INFO:     Finished server process [2150]
2026-01-21 12:32:59 +00:00: INFO:     Waiting for application shutdown.
2026-01-21 12:32:59 +00:00: INFO:     Application shutdown complete.
2026-01-21 12:32:59 +00:00: INFO:     Finished server process [2151]
2026-01-21 12:32:59 +00:00: INFO:     Waiting for child process [2151]
2026-01-21 12:32:59 +00:00: INFO:     Stopping parent process [2143]
2026-01-21 12:32:59 +00:00: INFO:     Uvicorn running on http://0.0.0.0:8443 (Press CTRL+C to quit)
2026-01-21 12:32:59 +00:00: INFO:     Started parent process [2897]
2026-01-21 12:33:01 +00:00: INFO:     Started server process [2904]
2026-01-21 12:33:01 +00:00: INFO:     Started server process [2905]
2026-01-21 12:33:01 +00:00: INFO:     Waiting for application startup.
2026-01-21 12:33:01 +00:00: INFO:     Waiting for application startup.
2026-01-21 12:33:01 +00:00: INFO:     Application startup complete.
2026-01-21 12:33:01 +00:00: INFO:     Application startup complete.
2026-01-21 12:33:34 +00:00: INFO:     Shutting down
2026-01-21 12:33:34 +00:00: INFO:     Shutting down
2026-01-21 12:33:34 +00:00: INFO:     Waiting for application shutdown.
2026-01-21 12:33:34 +00:00: INFO:     Application shutdown complete.
2026-01-21 12:33:34 +00:00: INFO:     Finished server process [2905]
2026-01-21 12:33:34 +00:00: INFO:     Waiting for application shutdown.
2026-01-21 12:33:34 +00:00: INFO:     Application shutdown complete.
2026-01-21 12:33:34 +00:00: INFO:     Finished server process [2904]
2026-01-21 12:33:35 +00:00: INFO:     Received SIGINT, exiting.
2026-01-21 12:33:35 +00:00: INFO:     Terminated child process [2904]
2026-01-21 12:33:35 +00:00: INFO:     Terminated child process [2905]
2026-01-21 12:33:35 +00:00: INFO:     Waiting for child process [2904]
2026-01-21 12:33:35 +00:00: INFO:     Waiting for child process [2905]
2026-01-21 12:33:35 +00:00: INFO:     Stopping parent process [2897]
2026-01-21 12:33:35 +00:00: INFO:     Uvicorn running on http://0.0.0.0:8443 (Press CTRL+C to quit)
2026-01-21 12:33:35 +00:00: INFO:     Started parent process [3008]
2026-01-21 12:33:37 +00:00: INFO:     Started server process [3016]
2026-01-21 12:33:37 +00:00: INFO:     Started server process [3017]
2026-01-21 12:33:37 +00:00: INFO:     Waiting for application startup.
2026-01-21 12:33:37 +00:00: INFO:     Waiting for application startup.
2026-01-21 12:33:37 +00:00: INFO:     Application startup complete.
2026-01-21 12:33:37 +00:00: INFO:     Application startup complete.
2026-01-21 12:37:25 +00:00: INFO:     Shutting down
2026-01-21 12:37:25 +00:00: INFO:     Shutting down
2026-01-21 12:37:25 +00:00: INFO:     Waiting for application shutdown.
2026-01-21 12:37:25 +00:00: INFO:     Application shutdown complete.
2026-01-21 12:37:25 +00:00: INFO:     Finished server process [3016]
2026-01-21 12:37:25 +00:00: INFO:     Waiting for application shutdown.
2026-01-21 12:37:25 +00:00: INFO:     Application shutdown complete.
2026-01-21 12:37:25 +00:00: INFO:     Finished server process [3017]
2026-01-21 12:37:26 +00:00: INFO:     Received SIGINT, exiting.
2026-01-21 12:37:26 +00:00: INFO:     Terminated child process [3017]
2026-01-21 12:37:26 +00:00: INFO:     Waiting for child process [3016]
2026-01-21 12:37:26 +00:00: INFO:     Waiting for child process [3017]
2026-01-21 12:37:26 +00:00: INFO:     Stopping parent process [3008]
2026-01-21 12:37:26 +00:00: INFO:     Uvicorn running on http://0.0.0.0:8443 (Press CTRL+C to quit)
2026-01-21 12:37:26 +00:00: INFO:     Started parent process [3108]
2026-01-21 12:37:28 +00:00: INFO:     Started server process [3115]
2026-01-21 12:37:28 +00:00: INFO:     Waiting for application startup.
2026-01-21 12:37:28 +00:00: INFO:     Started server process [3116]
2026-01-21 12:37:28 +00:00: INFO:     Waiting for application startup.
2026-01-21 12:37:28 +00:00: INFO:scrapers:Starting teams data scraping with anti-bot protection
2026-01-21 12:37:28 +00:00: INFO:anti_bot_scraper:Scraping teams from https://www.basketball-reference.com/teams/
2026-01-21 12:37:28 +00:00: INFO:scrapers:Starting teams data scraping with anti-bot protection
2026-01-21 12:37:28 +00:00: INFO:anti_bot_scraper:Scraping teams from https://www.basketball-reference.com/teams/
2026-01-21 12:37:32 +00:00: WARNING:anti_bot_scraper:Blocked response detected (attempt 1)
2026-01-21 12:37:32 +00:00: WARNING:anti_bot_scraper:Blocked response detected (attempt 1)
2026-01-21 12:38:20 +00:00: WARNING:anti_bot_scraper:Blocked response detected (attempt 2)
2026-01-21 12:38:29 +00:00: WARNING:anti_bot_scraper:Blocked response detected (attempt 2)
2026-01-21 12:39:11 +00:00: WARNING:anti_bot_scraper:Blocked response detected (attempt 3)
2026-01-21 12:39:11 +00:00: INFO:anti_bot_scraper:Successfully parsed 30 teams
2026-01-21 12:39:11 +00:00: INFO:scrapers:Successfully scraped 30 teams
2026-01-21 12:39:32 +00:00: WARNING:anti_bot_scraper:Blocked response detected (attempt 3)
2026-01-21 12:39:32 +00:00: INFO:anti_bot_scraper:Successfully parsed 30 teams
2026-01-21 12:39:32 +00:00: INFO:scrapers:Successfully scraped 30 teams
2026-01-21 12:39:50 +00:00: WARNING:scrapers:NBA stats scoreboard fetch failed (1/3): 
2026-01-21 12:40:09 +00:00: WARNING:scrapers:NBA stats scoreboard fetch failed (1/3): 
2026-01-21 12:40:12 +00:00: WARNING:scrapers:NBA stats scoreboard fetch failed (2/3): 
2026-01-21 12:40:31 +00:00: WARNING:scrapers:NBA stats scoreboard fetch failed (2/3): 
2026-01-21 12:40:36 +00:00: WARNING:scrapers:NBA stats scoreboard fetch failed (3/3): 
2026-01-21 12:40:54 +00:00: WARNING:scrapers:NBA stats scoreboard fetch failed (3/3): 
2026-01-21 12:41:01 +00:00: WARNING:scrapers:NBA stats scoreboard fetch failed (1/3): 
2026-01-21 12:41:02 +00:00: INFO:     Received SIGINT, exiting.
2026-01-21 12:41:02 +00:00: INFO:     Terminated child process [3115]
2026-01-21 12:41:02 +00:00: INFO:     Terminated child process [3116]
2026-01-21 12:41:02 +00:00: INFO:     Waiting for child process [3115]
2026-01-21 12:41:07 +00:00: INFO:     Uvicorn running on http://0.0.0.0:8443 (Press CTRL+C to quit)
2026-01-21 12:41:07 +00:00: INFO:     Started parent process [3262]
2026-01-21 12:41:09 +00:00: INFO:     Started server process [3270]
2026-01-21 12:41:09 +00:00: INFO:     Waiting for application startup.
2026-01-21 12:41:09 +00:00: INFO:     Started server process [3271]
2026-01-21 12:41:09 +00:00: INFO:     Waiting for application startup.
2026-01-21 12:41:09 +00:00: INFO:scrapers:Starting teams data scraping with anti-bot protection
2026-01-21 12:41:09 +00:00: INFO:scrapers:Starting teams data scraping with anti-bot protection
2026-01-21 12:41:09 +00:00: INFO:anti_bot_scraper:Scraping teams from https://www.basketball-reference.com/teams/
2026-01-21 12:41:09 +00:00: INFO:anti_bot_scraper:Scraping teams from https://www.basketball-reference.com/teams/
2026-01-21 12:41:10 +00:00: INFO:anti_bot_scraper:Successfully parsed 30 teams
2026-01-21 12:41:10 +00:00: INFO:scrapers:Successfully scraped 30 teams
2026-01-21 12:41:10 +00:00: INFO:anti_bot_scraper:Successfully parsed 30 teams
2026-01-21 12:41:10 +00:00: INFO:scrapers:Successfully scraped 30 teams
2026-01-21 12:41:42 +00:00: INFO:     Received SIGINT, exiting.
2026-01-21 12:41:42 +00:00: INFO:     Terminated child process [3270]
2026-01-21 12:41:42 +00:00: INFO:     Terminated child process [3271]
2026-01-21 12:41:42 +00:00: INFO:     Waiting for child process [3270]
2026-01-21 12:41:47 +00:00: INFO:     Uvicorn running on http://0.0.0.0:8443 (Press CTRL+C to quit)
2026-01-21 12:41:47 +00:00: INFO:     Started parent process [3364]
2026-01-21 12:41:49 +00:00: INFO:     Started server process [3372]
2026-01-21 12:41:49 +00:00: INFO:     Started server process [3373]
2026-01-21 12:41:49 +00:00: INFO:     Waiting for application startup.
2026-01-21 12:41:49 +00:00: INFO:     Waiting for application startup.
2026-01-21 12:41:49 +00:00: INFO:scrapers:Starting teams data scraping with anti-bot protection
2026-01-21 12:41:49 +00:00: INFO:scrapers:Starting teams data scraping with anti-bot protection
2026-01-21 12:41:49 +00:00: INFO:anti_bot_scraper:Scraping teams from https://www.basketball-reference.com/teams/
2026-01-21 12:41:49 +00:00: INFO:anti_bot_scraper:Scraping teams from https://www.basketball-reference.com/teams/
2026-01-21 12:41:50 +00:00: INFO:anti_bot_scraper:Successfully parsed 30 teams
2026-01-21 12:41:50 +00:00: INFO:scrapers:Successfully scraped 30 teams
2026-01-21 12:41:50 +00:00: INFO:anti_bot_scraper:Successfully parsed 30 teams
2026-01-21 12:41:50 +00:00: INFO:scrapers:Successfully scraped 30 teams
2026-01-21 12:42:27 +00:00: WARNING:scrapers:NBA stats scoreboard fetch failed (1/3): 
2026-01-21 12:42:28 +00:00: WARNING:scrapers:NBA stats scoreboard fetch failed (1/3): 
2026-01-21 12:42:49 +00:00: WARNING:scrapers:NBA stats scoreboard fetch failed (2/3): 
2026-01-21 12:42:49 +00:00: WARNING:scrapers:NBA stats scoreboard fetch failed (2/3): 
2026-01-21 12:43:12 +00:00: WARNING:scrapers:NBA stats scoreboard fetch failed (3/3): 
2026-01-21 12:43:13 +00:00: WARNING:scrapers:NBA stats scoreboard fetch failed (3/3): 
2026-01-21 12:43:37 +00:00: WARNING:scrapers:NBA stats scoreboard fetch failed (1/3): 
2026-01-21 12:43:38 +00:00: WARNING:scrapers:NBA stats scoreboard fetch failed (1/3): 
2026-01-21 12:43:59 +00:00: WARNING:scrapers:NBA stats scoreboard fetch failed (2/3): 
2026-01-21 12:44:00 +00:00: WARNING:scrapers:NBA stats scoreboard fetch failed (2/3): 
2026-01-21 12:44:23 +00:00: WARNING:scrapers:NBA stats scoreboard fetch failed (3/3): 
2026-01-21 12:44:23 +00:00: WARNING:scrapers:NBA stats scoreboard fetch failed (3/3): 
2026-01-21 12:44:37 +00:00: INFO:     Received SIGINT, exiting.
2026-01-21 12:44:37 +00:00: INFO:     Terminated child process [3372]
2026-01-21 12:44:37 +00:00: INFO:     Terminated child process [3373]
2026-01-21 12:44:37 +00:00: INFO:     Waiting for child process [3372]
2026-01-21 12:44:42 +00:00: INFO:     Uvicorn running on http://0.0.0.0:8443 (Press CTRL+C to quit)
2026-01-21 12:44:42 +00:00: INFO:     Started parent process [3558]
2026-01-21 12:44:44 +00:00: INFO:     Started server process [3566]
2026-01-21 12:44:44 +00:00: INFO:     Started server process [3565]
2026-01-21 12:44:44 +00:00: INFO:     Waiting for application startup.
2026-01-21 12:44:44 +00:00: INFO:     Waiting for application startup.
2026-01-21 12:44:45 +00:00: INFO:apscheduler.scheduler:Adding job tentatively -- it will be properly scheduled when the scheduler starts
2026-01-21 12:44:45 +00:00: INFO:apscheduler.scheduler:Adding job tentatively -- it will be properly scheduled when the scheduler starts
2026-01-21 12:44:45 +00:00: INFO:apscheduler.scheduler:Adding job tentatively -- it will be properly scheduled when the scheduler starts
2026-01-21 12:44:45 +00:00: INFO:apscheduler.scheduler:Adding job tentatively -- it will be properly scheduled when the scheduler starts
2026-01-21 12:44:45 +00:00: INFO:apscheduler.scheduler:Adding job tentatively -- it will be properly scheduled when the scheduler starts
2026-01-21 12:44:45 +00:00: INFO:apscheduler.scheduler:Added job "generate_750am_report" to job store "default"
2026-01-21 12:44:45 +00:00: INFO:apscheduler.scheduler:Added job "generate_800am_report" to job store "default"
2026-01-21 12:44:45 +00:00: INFO:apscheduler.scheduler:Added job "generate_1100am_report" to job store "default"
2026-01-21 12:44:45 +00:00: INFO:apscheduler.scheduler:Added job "lifespan.<locals>._scrape_results_job" to job store "default"
2026-01-21 12:44:45 +00:00: INFO:apscheduler.scheduler:Scheduler started
2026-01-21 12:44:45 +00:00: INFO:scrapers:Starting teams data scraping with anti-bot protection
2026-01-21 12:44:45 +00:00: INFO:apscheduler.scheduler:Adding job tentatively -- it will be properly scheduled when the scheduler starts
2026-01-21 12:44:45 +00:00: INFO:apscheduler.scheduler:Adding job tentatively -- it will be properly scheduled when the scheduler starts
2026-01-21 12:44:45 +00:00: INFO:apscheduler.scheduler:Adding job tentatively -- it will be properly scheduled when the scheduler starts
2026-01-21 12:44:45 +00:00: INFO:apscheduler.scheduler:Added job "generate_750am_report" to job store "default"
2026-01-21 12:44:45 +00:00: INFO:apscheduler.scheduler:Added job "generate_800am_report" to job store "default"
2026-01-21 12:44:45 +00:00: INFO:apscheduler.scheduler:Added job "generate_1100am_report" to job store "default"
2026-01-21 12:44:45 +00:00: INFO:apscheduler.scheduler:Added job "lifespan.<locals>._scrape_results_job" to job store "default"
2026-01-21 12:44:45 +00:00: INFO:apscheduler.scheduler:Scheduler started
2026-01-21 12:44:45 +00:00: INFO:scrapers:Starting teams data scraping with anti-bot protection
2026-01-21 12:44:45 +00:00: INFO:scrapers:Starting teams data scraping with anti-bot protection
2026-01-21 12:44:45 +00:00: INFO:scrapers:Starting teams data scraping with anti-bot protection
2026-01-21 12:44:45 +00:00: INFO:     Application startup complete.
2026-01-21 12:44:45 +00:00: INFO:anti_bot_scraper:Scraping teams from https://www.basketball-reference.com/teams/
2026-01-21 12:44:45 +00:00: INFO:anti_bot_scraper:Scraping teams from https://www.basketball-reference.com/teams/
2026-01-21 12:44:45 +00:00: INFO:     Application startup complete.
2026-01-21 12:44:45 +00:00: INFO:anti_bot_scraper:Scraping teams from https://www.basketball-reference.com/teams/
2026-01-21 12:44:45 +00:00: INFO:anti_bot_scraper:Scraping teams from https://www.basketball-reference.com/teams/
2026-01-21 12:44:45 +00:00: INFO:anti_bot_scraper:Successfully parsed 30 teams
2026-01-21 12:44:45 +00:00: INFO:scrapers:Successfully scraped 30 teams
2026-01-21 12:44:45 +00:00: INFO:anti_bot_scraper:Successfully parsed 30 teams
2026-01-21 12:44:45 +00:00: INFO:scrapers:Successfully scraped 30 teams
2026-01-21 12:44:45 +00:00: INFO:anti_bot_scraper:Successfully parsed 30 teams
2026-01-21 12:44:45 +00:00: INFO:scrapers:Successfully scraped 30 teams
2026-01-21 12:44:45 +00:00: INFO:anti_bot_scraper:Successfully parsed 30 teams
2026-01-21 12:44:45 +00:00: INFO:scrapers:Successfully scraped 30 teams
2026-01-21 12:45:24 +00:00: WARNING:scrapers:NBA stats scoreboard fetch failed (1/3): 
2026-01-21 12:45:24 +00:00: WARNING:scrapers:NBA stats scoreboard fetch failed (1/3): 
2026-01-21 12:45:25 +00:00: WARNING:scrapers:NBA stats scoreboard fetch failed (1/3): 
2026-01-21 12:45:25 +00:00: WARNING:scrapers:NBA stats scoreboard fetch failed (1/3): 
2026-01-21 12:45:46 +00:00: WARNING:scrapers:NBA stats scoreboard fetch failed (2/3): 
2026-01-21 12:45:46 +00:00: WARNING:scrapers:NBA stats scoreboard fetch failed (2/3): 
2026-01-21 12:45:47 +00:00: WARNING:scrapers:NBA stats scoreboard fetch failed (2/3): 
2026-01-21 12:45:47 +00:00: WARNING:scrapers:NBA stats scoreboard fetch failed (2/3): 
2026-01-21 12:46:10 +00:00: WARNING:scrapers:NBA stats scoreboard fetch failed (3/3): 
2026-01-21 12:46:10 +00:00: WARNING:scrapers:NBA stats scoreboard fetch failed (3/3): 
2026-01-21 12:46:10 +00:00: WARNING:scrapers:NBA stats scoreboard fetch failed (3/3): 
2026-01-21 12:46:10 +00:00: WARNING:scrapers:NBA stats scoreboard fetch failed (3/3): 
2026-01-21 12:46:35 +00:00: WARNING:scrapers:NBA stats scoreboard fetch failed (1/3): 
2026-01-21 12:46:35 +00:00: WARNING:scrapers:NBA stats scoreboard fetch failed (1/3): 
2026-01-21 12:46:35 +00:00: WARNING:scrapers:NBA stats scoreboard fetch failed (1/3): 
2026-01-21 12:46:35 +00:00: WARNING:scrapers:NBA stats scoreboard fetch failed (1/3): 
2026-01-21 12:46:56 +00:00: WARNING:scrapers:NBA stats scoreboard fetch failed (2/3): 
2026-01-21 12:46:57 +00:00: WARNING:scrapers:NBA stats scoreboard fetch failed (2/3): 
2026-01-21 12:46:57 +00:00: WARNING:scrapers:NBA stats scoreboard fetch failed (2/3): 
2026-01-21 12:46:57 +00:00: WARNING:scrapers:NBA stats scoreboard fetch failed (2/3): 
2026-01-21 12:47:20 +00:00: WARNING:scrapers:NBA stats scoreboard fetch failed (3/3): 
2026-01-21 12:47:20 +00:00: WARNING:scrapers:NBA stats scoreboard fetch failed (3/3): 
2026-01-21 12:47:20 +00:00: WARNING:scrapers:NBA stats scoreboard fetch failed (3/3): 
2026-01-21 12:47:20 +00:00: WARNING:scrapers:NBA stats scoreboard fetch failed (3/3): 
2026-01-21 12:47:45 +00:00: WARNING:scrapers:NBA stats scoreboard fetch failed (1/3): 
2026-01-21 12:47:45 +00:00: WARNING:scrapers:NBA stats scoreboard fetch failed (1/3): 
2026-01-21 12:47:45 +00:00: WARNING:scrapers:NBA stats scoreboard fetch failed (1/3): 
2026-01-21 12:47:45 +00:00: WARNING:scrapers:NBA stats scoreboard fetch failed (1/3): 
2026-01-21 12:48:07 +00:00: WARNING:scrapers:NBA stats scoreboard fetch failed (2/3): 
2026-01-21 12:48:07 +00:00: WARNING:scrapers:NBA stats scoreboard fetch failed (2/3): 
2026-01-21 12:48:07 +00:00: WARNING:scrapers:NBA stats scoreboard fetch failed (2/3): 
2026-01-21 12:48:07 +00:00: WARNING:scrapers:NBA stats scoreboard fetch failed (2/3): 
2026-01-21 12:48:30 +00:00: WARNING:scrapers:NBA stats scoreboard fetch failed (3/3): 
2026-01-21 12:48:30 +00:00: WARNING:scrapers:NBA stats scoreboard fetch failed (3/3): 
2026-01-21 12:48:30 +00:00: WARNING:scrapers:NBA stats scoreboard fetch failed (3/3): 
2026-01-21 12:48:30 +00:00: WARNING:scrapers:NBA stats scoreboard fetch failed (3/3): 
2026-01-21 12:48:55 +00:00: WARNING:scrapers:NBA stats scoreboard fetch failed (1/3): 
2026-01-21 12:48:55 +00:00: WARNING:scrapers:NBA stats scoreboard fetch failed (1/3): 
2026-01-21 12:48:55 +00:00: WARNING:scrapers:NBA stats scoreboard fetch failed (1/3): 
2026-01-21 12:48:55 +00:00: WARNING:scrapers:NBA stats scoreboard fetch failed (1/3): 
2026-01-21 12:49:17 +00:00: WARNING:scrapers:NBA stats scoreboard fetch failed (2/3): 
2026-01-21 12:49:17 +00:00: WARNING:scrapers:NBA stats scoreboard fetch failed (2/3): 
2026-01-21 12:49:17 +00:00: WARNING:scrapers:NBA stats scoreboard fetch failed (2/3): 
2026-01-21 12:49:17 +00:00: WARNING:scrapers:NBA stats scoreboard fetch failed (2/3): 
2026-01-21 12:49:40 +00:00: WARNING:scrapers:NBA stats scoreboard fetch failed (3/3): 
2026-01-21 12:49:40 +00:00: WARNING:scrapers:NBA stats scoreboard fetch failed (3/3): 
2026-01-21 12:49:40 +00:00: WARNING:scrapers:NBA stats scoreboard fetch failed (3/3): 
2026-01-21 12:49:40 +00:00: WARNING:scrapers:NBA stats scoreboard fetch failed (3/3): 
2026-01-21 12:51:01 +00:00: INFO:scrapers:Starting Bulls players scraping with anti-bot protection
2026-01-21 12:51:02 +00:00: INFO:anti_bot_scraper:Scraping roster for CHI from https://www.basketball-reference.com/teams/CHI/2025.html
2026-01-21 12:51:02 +00:00: INFO:anti_bot_scraper:Successfully parsed 22 players for CHI
2026-01-21 12:51:02 +00:00: INFO:scrapers:Successfully scraped 22 Bulls players
2026-01-21 12:51:04 +00:00: INFO:scrapers:Successfully saved 22 Bulls players to database
2026-01-21 12:51:05 +00:00: INFO:scrapers:Starting Bulls players scraping with anti-bot protection
2026-01-21 12:51:05 +00:00: INFO:anti_bot_scraper:Scraping roster for CHI from https://www.basketball-reference.com/teams/CHI/2025.html
2026-01-21 12:51:05 +00:00: INFO:anti_bot_scraper:Successfully parsed 22 players for CHI
2026-01-21 12:51:05 +00:00: INFO:scrapers:Successfully scraped 22 Bulls players
2026-01-21 12:51:06 +00:00: INFO:scrapers:Starting Bulls players scraping with anti-bot protection
2026-01-21 12:51:06 +00:00: INFO:scrapers:Starting Bulls players scraping with anti-bot protection
2026-01-21 12:51:06 +00:00: INFO:anti_bot_scraper:Scraping roster for CHI from https://www.basketball-reference.com/teams/CHI/2025.html
2026-01-21 12:51:06 +00:00: INFO:anti_bot_scraper:Scraping roster for CHI from https://www.basketball-reference.com/teams/CHI/2025.html
2026-01-21 12:51:07 +00:00: INFO:anti_bot_scraper:Successfully parsed 22 players for CHI
2026-01-21 12:51:07 +00:00: INFO:scrapers:Successfully scraped 22 Bulls players
2026-01-21 12:51:07 +00:00: INFO:scrapers:Successfully saved 22 Bulls players to database
2026-01-21 12:51:08 +00:00: INFO:scrapers:Successfully saved 22 Bulls players to database
2026-01-21 12:51:10 +00:00: WARNING:anti_bot_scraper:Blocked response detected (attempt 1)
2026-01-21 12:52:12 +00:00: WARNING:anti_bot_scraper:Blocked response detected (attempt 2)
2026-01-21 12:52:47 +00:00: WARNING:anti_bot_scraper:Blocked response detected (attempt 3)
2026-01-21 12:52:47 +00:00: WARNING:anti_bot_scraper:Request failed (attempt 3): Client error '429 Too Many Requests' for url 'https://www.basketball-reference.com/teams/CHI/2025.html'
2026-01-21 12:52:47 +00:00: For more information check: https://developer.mozilla.org/en-US/docs/Web/HTTP/Status/429
2026-01-21 12:52:47 +00:00: ERROR:anti_bot_scraper:All retry attempts failed for https://www.basketball-reference.com/teams/CHI/2025.html
2026-01-21 12:52:48 +00:00: INFO:anti_bot_scraper:Successfully parsed 22 players for CHI
2026-01-21 12:52:48 +00:00: INFO:scrapers:Successfully scraped 22 Bulls players
2026-01-21 12:52:50 +00:00: INFO:scrapers:Successfully saved 22 Bulls players to database
2026-01-21 13:44:45 +00:00: INFO:apscheduler.executors.default:Running job "lifespan.<locals>._scrape_results_job (trigger: interval[1:00:00], next run at: 2026-01-21 08:44:45 CST)" (scheduled at 2026-01-21 07:44:45.175407-06:00)
2026-01-21 13:44:45 +00:00: INFO:apscheduler.executors.default:Running job "lifespan.<locals>._scrape_results_job (trigger: interval[1:00:00], next run at: 2026-01-21 08:44:45 CST)" (scheduled at 2026-01-21 07:44:45.180099-06:00)
2026-01-21 13:45:06 +00:00: WARNING:scrapers:NBA stats scoreboard fetch failed (1/3): 
2026-01-21 13:45:06 +00:00: WARNING:scrapers:NBA stats scoreboard fetch failed (1/3): 
2026-01-21 13:45:28 +00:00: WARNING:scrapers:NBA stats scoreboard fetch failed (2/3): 
2026-01-21 13:45:28 +00:00: WARNING:scrapers:NBA stats scoreboard fetch failed (2/3): 
2026-01-21 13:45:51 +00:00: WARNING:scrapers:NBA stats scoreboard fetch failed (3/3): 
2026-01-21 13:45:51 +00:00: WARNING:scrapers:NBA stats scoreboard fetch failed (3/3): 
2026-01-21 13:46:16 +00:00: WARNING:scrapers:NBA stats scoreboard fetch failed (1/3): 
2026-01-21 13:46:16 +00:00: WARNING:scrapers:NBA stats scoreboard fetch failed (1/3): 
2026-01-21 13:46:38 +00:00: WARNING:scrapers:NBA stats scoreboard fetch failed (2/3): 
2026-01-21 13:46:38 +00:00: WARNING:scrapers:NBA stats scoreboard fetch failed (2/3): 
2026-01-21 13:47:01 +00:00: WARNING:scrapers:NBA stats scoreboard fetch failed (3/3): 
2026-01-21 13:47:01 +00:00: WARNING:scrapers:NBA stats scoreboard fetch failed (3/3): 
2026-01-21 13:47:26 +00:00: WARNING:scrapers:NBA stats scoreboard fetch failed (1/3): 
2026-01-21 13:47:26 +00:00: WARNING:scrapers:NBA stats scoreboard fetch failed (1/3): 
2026-01-21 13:47:48 +00:00: WARNING:scrapers:NBA stats scoreboard fetch failed (2/3): 
2026-01-21 13:47:48 +00:00: WARNING:scrapers:NBA stats scoreboard fetch failed (2/3): 
2026-01-21 13:48:12 +00:00: WARNING:scrapers:NBA stats scoreboard fetch failed (3/3): 
2026-01-21 13:48:12 +00:00: WARNING:scrapers:NBA stats scoreboard fetch failed (3/3): 
2026-01-21 13:48:37 +00:00: WARNING:scrapers:NBA stats scoreboard fetch failed (1/3): 
2026-01-21 13:48:37 +00:00: WARNING:scrapers:NBA stats scoreboard fetch failed (1/3): 
